<?xml version="1.0" encoding="UTF-8"?>
<!-- Generated by org.testng.reporters.JUnitReportReporter -->
<testsuite hostname="Personal" failures="0" tests="2" name="learnParallel.TestClassB" time="0.011" errors="0" timestamp="26 Sep 2018 18:44:47 GMT" skipped="0">
  <testcase classname="learnParallel.TestClassB" name="testMethod4" time="0.004"/>
  <testcase classname="learnParallel.TestClassB" name="testMethod3" time="0.007"/>
</testsuite> <!-- learnParallel.TestClassB -->
