<?xml version="1.0" encoding="UTF-8"?>
<!-- Generated by org.testng.reporters.JUnitReportReporter -->
<testsuite hostname="Personal" failures="0" tests="1" name="Tests.SampleTest" time="4.053" errors="0" timestamp="09 Sep 2018 12:12:35 GMT" skipped="0">
  <testcase classname="Tests.SampleTest" name="test" time="4.053"/>
</testsuite> <!-- Tests.SampleTest -->
