<?xml version="1.0" encoding="UTF-8"?>
<!-- Generated by org.testng.reporters.JUnitReportReporter -->
<testsuite hostname="Personal" failures="0" tests="2" name="learnParallel.TestClassA" time="0.009" errors="0" timestamp="26 Sep 2018 18:44:47 GMT" skipped="0">
  <testcase classname="learnParallel.TestClassA" name="testMethod1" time="0.008"/>
  <testcase classname="learnParallel.TestClassA" name="testMethod2" time="0.001"/>
</testsuite> <!-- learnParallel.TestClassA -->
